<?xml version="1.0" encoding="UTF-8"?>
<!-- Generated by org.testng.reporters.JUnitXMLReporter -->
<testsuite ignored="0" hostname="MOHAN" failures="0" tests="3" name="Command line test" time="0.242" errors="0" timestamp="2022-09-02T07:56:58 GMT-12:00">
  <testcase classname="com.testng.TestNGNew" name="New1" time="0.002"/>
  <testcase classname="com.testng.TestNGNew" name="New2" time="0.003"/>
  <testcase classname="com.testng.TestNGNew" name="New3" time="0.0"/>
</testsuite> <!-- Command line test -->
